<?xml version="1.0" encoding="UTF-8"?>
<testsuite name="common.entities.RentalTest" tests="5" skipped="0" failures="0" errors="0" timestamp="2020-04-05T19:43:43" hostname="DESKTOP-C13D9KE" time="0.002">
  <properties/>
  <testcase name="testGetClientID" classname="common.entities.RentalTest" time="0.001"/>
  <testcase name="testGetEndDate" classname="common.entities.RentalTest" time="0.0"/>
  <testcase name="testGetStartDate" classname="common.entities.RentalTest" time="0.0"/>
  <testcase name="testGetMovieID" classname="common.entities.RentalTest" time="0.0"/>
  <testcase name="testReturnMovie" classname="common.entities.RentalTest" time="0.0"/>
  <system-out><![CDATA[]]></system-out>
  <system-err><![CDATA[]]></system-err>
</testsuite>
