<?xml version="1.0" encoding="UTF-8"?>
<testsuite name="server.services.FilterServicesTest" tests="4" skipped="0" failures="0" errors="0" timestamp="2020-04-05T19:43:44" hostname="DESKTOP-C13D9KE" time="0.011">
  <properties/>
  <testcase name="testFilterByStringAttribute" classname="server.services.FilterServicesTest" time="0.006"/>
  <testcase name="testFilterByNumberAttribute" classname="server.services.FilterServicesTest" time="0.0"/>
  <testcase name="testFilterByEnumAttribute" classname="server.services.FilterServicesTest" time="0.001"/>
  <testcase name="testGetEntityAttributes" classname="server.services.FilterServicesTest" time="0.004"/>
  <system-out><![CDATA[]]></system-out>
  <system-err><![CDATA[]]></system-err>
</testsuite>
