<?xml version="1.0" encoding="UTF-8"?>
<testsuite name="common.entities.ClientTest" tests="4" skipped="0" failures="0" errors="0" timestamp="2020-04-05T19:43:43" hostname="DESKTOP-C13D9KE" time="0.006">
  <properties/>
  <testcase name="testGetAddress" classname="common.entities.ClientTest" time="0.004"/>
  <testcase name="testGetName" classname="common.entities.ClientTest" time="0.0"/>
  <testcase name="testSetAddress" classname="common.entities.ClientTest" time="0.0"/>
  <testcase name="testSetName" classname="common.entities.ClientTest" time="0.001"/>
  <system-out><![CDATA[]]></system-out>
  <system-err><![CDATA[]]></system-err>
</testsuite>
