<?xml version="1.0" encoding="UTF-8"?>
<testsuite name="server.validators.RentalValidatorTest" tests="3" skipped="0" failures="0" errors="0" timestamp="2020-04-05T19:43:44" hostname="DESKTOP-C13D9KE" time="0.098">
  <properties/>
  <testcase name="testNullMovieID" classname="server.validators.RentalValidatorTest" time="0.097"/>
  <testcase name="testOkEntity" classname="server.validators.RentalValidatorTest" time="0.001"/>
  <testcase name="testNullClientID" classname="server.validators.RentalValidatorTest" time="0.0"/>
  <system-out><![CDATA[]]></system-out>
  <system-err><![CDATA[]]></system-err>
</testsuite>
